<?xml version="1.0" encoding="UTF-8"?>
<testsuite hostname="CodePill-CP27" name="Webdriver.SOCIAL" tests="1" failures="0" timestamp="5 Jan 2012 08:32:11 GMT" time="0.029" errors="0">
  <testcase name="@BeforeClass createAndStartService" time="0.0" classname="Webdriver.SOCIAL">
    <failure type="org.testng.TestNGException" message="
Parameter &amp;apos;xBrowser&amp;apos; is required by @Configuration on method createAndStartService
but has not been marked @Optional or defined in C:\Users\CP27\AppData\Local\Temp\testng-eclipse-1171066333\testng-customsuite.xml">
      <![CDATA[org.testng.TestNGException: 
Parameter 'xBrowser' is required by @Configuration on method createAndStartService
but has not been marked @Optional or defined in C:\Users\CP27\AppData\Local\Temp\testng-eclipse-1171066333\testng-customsuite.xml
	at org.testng.internal.Parameters.createParameters(Parameters.java:144)
	at org.testng.internal.Parameters.createParameters(Parameters.java:342)
	at org.testng.internal.Parameters.createConfigurationParameters(Parameters.java:78)
	at org.testng.internal.Invoker.invokeConfigurations(Invoker.java:192)
	at org.testng.internal.Invoker.invokeConfigurations(Invoker.java:132)
	at org.testng.internal.TestMethodWorker.invokeBeforeClassMethods(TestMethodWorker.java:175)
	at org.testng.internal.TestMethodWorker.run(TestMethodWorker.java:107)
	at org.testng.TestRunner.privateRun(TestRunner.java:754)
	at org.testng.TestRunner.run(TestRunner.java:614)
	at org.testng.SuiteRunner.runTest(SuiteRunner.java:335)
	at org.testng.SuiteRunner.runSequentially(SuiteRunner.java:330)
	at org.testng.SuiteRunner.privateRun(SuiteRunner.java:292)
	at org.testng.SuiteRunner.run(SuiteRunner.java:241)
	at org.testng.SuiteRunnerWorker.runSuite(SuiteRunnerWorker.java:52)
	at org.testng.SuiteRunnerWorker.run(SuiteRunnerWorker.java:86)
	at org.testng.TestNG.runSuitesSequentially(TestNG.java:1169)
	at org.testng.TestNG.runSuitesLocally(TestNG.java:1094)
	at org.testng.TestNG.run(TestNG.java:1006)
	at org.testng.remote.RemoteTestNG.run(RemoteTestNG.java:107)
	at org.testng.remote.RemoteTestNG.initAndRun(RemoteTestNG.java:199)
	at org.testng.remote.RemoteTestNG.main(RemoteTestNG.java:170)
]]>
    </failure>
  </testcase>
  <testcase name="@AfterMethod createAndStopService" time="0.0" classname="Webdriver.SOCIAL">
    <skipped/>
  </testcase>
  <testcase name="Social1 on instance null(Webdriver.SOCIAL)" time="0.0010" classname="Webdriver.SOCIAL">
    <skipped/>
  </testcase>
</testsuite>
