<?xml version="1.0" encoding="UTF-8"?>
<testsuite hostname="CodePill-CP27" name="Webdriver.SIGN_IN" tests="1" failures="1" timestamp="24 Jan 2012 13:27:39 GMT" time="35.905" errors="0">
  <testcase name="SignIn4 on instance null(Webdriver.SIGN_IN)" time="33.274" classname="Webdriver.SIGN_IN">
    <failure type="junit.framework.ComparisonFailure" message="expected:&amp;lt;cookietest&amp;gt; but was:&amp;lt;&amp;gt;">
      <![CDATA[junit.framework.ComparisonFailure: expected:<cookietest> but was:<>
	at junit.framework.Assert.assertEquals(Assert.java:81)
	at junit.framework.Assert.assertEquals(Assert.java:87)
	at Webdriver.SIGN_IN.SignIn4(SIGN_IN.java:124)
... Removed 24 stack frames]]>
    </failure>
  </testcase>
</testsuite>
