<?xml version="1.0" encoding="UTF-8"?>
<testsuite hostname="CodePill-CP27" name="Webdriver.CATEGORY_PAGE" tests="10" failures="0" timestamp="5 Jan 2012 11:17:46 GMT" time="235.418" errors="0">
  <testcase name="Category1 on instance null(Webdriver.CATEGORY_PAGE)" time="6.772" classname="Webdriver.CATEGORY_PAGE"/>
  <testcase name="Flat1 on instance null(Webdriver.FLAT_PAGE)" time="5.587" classname="Webdriver.FLAT_PAGE"/>
  <testcase name="GamePage1 on instance null(Webdriver.GAME_PAGE)" time="33.101" classname="Webdriver.GAME_PAGE"/>
  <testcase name="GamePage2 on instance null(Webdriver.GAME_PAGE)" time="32.296" classname="Webdriver.GAME_PAGE"/>
  <testcase name="GamePage3 on instance null(Webdriver.GAME_PAGE)" time="32.957" classname="Webdriver.GAME_PAGE"/>
  <testcase name="Profile1 on instance null(Webdriver.PROFILE_PAGE)" time="23.221" classname="Webdriver.PROFILE_PAGE"/>
  <testcase name="SignIn1 on instance null(Webdriver.SIGN_IN)" time="11.805" classname="Webdriver.SIGN_IN"/>
  <testcase name="SignUp1 on instance null(Webdriver.SIGN_UP)" time="16.774" classname="Webdriver.SIGN_UP"/>
  <testcase name="Social1 on instance null(Webdriver.SOCIAL)" time="38.471" classname="Webdriver.SOCIAL"/>
  <testcase name="Subcategory1 on instance null(Webdriver.SUBCATEGORY_PAGE)" time="9.016" classname="Webdriver.SUBCATEGORY_PAGE"/>
</testsuite>
