<?xml version="1.0" encoding="UTF-8"?>
<testng-results skipped="0" failed="0" total="1" passed="1">
  <reporter-output>
  </reporter-output>
  <suite name="Hyves test" duration-ms="46099" started-at="2011-12-21T15:44:01Z" finished-at="2011-12-21T15:44:47Z">
    <groups>
    </groups>
    <test name="Hyves" duration-ms="46099" started-at="2011-12-21T15:44:01Z" finished-at="2011-12-21T15:44:47Z">
      <class name="Webdriver.Hyves">
        <test-method status="PASS" signature="createAndStartService(java.lang.String)[pri:0, instance:Webdriver.Hyves@6766afb3]" name="createAndStartService" is-config="true" duration-ms="1625" started-at="2011-12-21T15:44:01Z" finished-at="2011-12-21T15:44:03Z">
          <params>
            <param index="0">
              <value>
                <![CDATA[chrome]]>
              </value>
            </param>
          </params>
        </test-method>
        <test-method status="PASS" signature="createDriver(java.lang.String)[pri:0, instance:Webdriver.Hyves@6766afb3]" name="createDriver" is-config="true" duration-ms="4539" started-at="2011-12-21T15:44:03Z" finished-at="2011-12-21T15:44:07Z">
          <params>
            <param index="0">
              <value>
                <![CDATA[chrome]]>
              </value>
            </param>
          </params>
        </test-method>
        <test-method status="PASS" signature="openGamePage(java.lang.String)[pri:0, instance:Webdriver.Hyves@6766afb3]" name="openGamePage" duration-ms="33905" started-at="2011-12-21T15:44:07Z" finished-at="2011-12-21T15:44:41Z">
          <params>
            <param index="0">
              <value>
                <![CDATA[http://www.hyves.nl]]>
              </value>
            </param>
          </params>
        </test-method>
        <test-method status="PASS" signature="quitDriver(java.lang.String)[pri:0, instance:Webdriver.Hyves@6766afb3]" name="quitDriver" is-config="true" duration-ms="4485" started-at="2011-12-21T15:44:41Z" finished-at="2011-12-21T15:44:46Z">
          <params>
            <param index="0">
              <value>
                <![CDATA[chrome]]>
              </value>
            </param>
          </params>
        </test-method>
        <test-method status="PASS" signature="createAndStopService(java.lang.String)[pri:0, instance:Webdriver.Hyves@6766afb3]" name="createAndStopService" is-config="true" duration-ms="1521" started-at="2011-12-21T15:44:46Z" finished-at="2011-12-21T15:44:47Z">
          <params>
            <param index="0">
              <value>
                <![CDATA[chrome]]>
              </value>
            </param>
          </params>
        </test-method>
      </class>
    </test>
  </suite>
</testng-results>
