<?xml version="1.0" encoding="UTF-8"?>
<testng-results skipped="0" failed="1" total="1" passed="0">
  <reporter-output>
  </reporter-output>
  <suite name="SignIn for GirlsGoGames" duration-ms="35905" started-at="2012-01-24T14:27:03Z" finished-at="2012-01-24T14:27:39Z">
    <groups>
    </groups>
    <test name="smoke_firefox" duration-ms="35905" started-at="2012-01-24T14:27:03Z" finished-at="2012-01-24T14:27:39Z">
      <class name="Webdriver.SIGN_IN">
        <test-method status="PASS" signature="createAndStartService(java.lang.String)[pri:0, instance:null(Webdriver.SIGN_IN)]" name="createAndStartService" is-config="true" duration-ms="582" started-at="2012-01-24T14:27:03Z" finished-at="2012-01-24T14:27:04Z">
          <params>
            <param index="0">
              <value>
                <![CDATA[chrome]]>
              </value>
            </param>
          </params>
        </test-method>
        <test-method status="PASS" signature="createDriver(java.lang.String, java.lang.reflect.Method)[pri:0, instance:null(Webdriver.SIGN_IN)]" name="createDriver" is-config="true" duration-ms="1543" started-at="2012-01-24T14:27:04Z" finished-at="2012-01-24T14:27:05Z">
          <params>
            <param index="0">
              <value>
                <![CDATA[chrome]]>
              </value>
            </param>
            <param index="1">
              <value>
                <![CDATA[public void Webdriver.SIGN_IN.SignIn4(java.lang.String,java.lang.String) throws java.lang.InterruptedException]]>
              </value>
            </param>
          </params>
        </test-method>
        <test-method status="FAIL" signature="SignIn4(java.lang.String, java.lang.String)[pri:0, instance:null(Webdriver.SIGN_IN)]" name="SignIn4" duration-ms="33274" started-at="2012-01-24T14:27:05Z" finished-at="2012-01-24T14:27:39Z">
          <params>
            <param index="0">
              <value>
                <![CDATA[chrome]]>
              </value>
            </param>
            <param index="1">
              <value>
                <![CDATA[http://www.girlsgogames.com]]>
              </value>
            </param>
          </params>
          <exception class="junit.framework.ComparisonFailure">
            <message>
              <![CDATA[expected:<cookietest> but was:<>]]>
            </message>
            <full-stacktrace>
              <![CDATA[junit.framework.ComparisonFailure: expected:<cookietest> but was:<>
	at junit.framework.Assert.assertEquals(Assert.java:81)
	at junit.framework.Assert.assertEquals(Assert.java:87)
	at Webdriver.SIGN_IN.SignIn4(SIGN_IN.java:124)
	at sun.reflect.NativeMethodAccessorImpl.invoke0(Native Method)
	at sun.reflect.NativeMethodAccessorImpl.invoke(Unknown Source)
	at sun.reflect.DelegatingMethodAccessorImpl.invoke(Unknown Source)
	at java.lang.reflect.Method.invoke(Unknown Source)
	at org.testng.internal.MethodInvocationHelper.invokeMethod(MethodInvocationHelper.java:80)
	at org.testng.internal.Invoker.invokeMethod(Invoker.java:685)
	at org.testng.internal.Invoker.invokeTestMethod(Invoker.java:877)
	at org.testng.internal.Invoker.invokeTestMethods(Invoker.java:1200)
	at org.testng.internal.TestMethodWorker.invokeTestMethods(TestMethodWorker.java:127)
	at org.testng.internal.TestMethodWorker.run(TestMethodWorker.java:111)
	at org.testng.TestRunner.privateRun(TestRunner.java:754)
	at org.testng.TestRunner.run(TestRunner.java:614)
	at org.testng.SuiteRunner.runTest(SuiteRunner.java:335)
	at org.testng.SuiteRunner.runSequentially(SuiteRunner.java:330)
	at org.testng.SuiteRunner.privateRun(SuiteRunner.java:292)
	at org.testng.SuiteRunner.run(SuiteRunner.java:241)
	at org.testng.SuiteRunnerWorker.runSuite(SuiteRunnerWorker.java:52)
	at org.testng.SuiteRunnerWorker.run(SuiteRunnerWorker.java:86)
	at org.testng.TestNG.runSuitesSequentially(TestNG.java:1169)
	at org.testng.TestNG.runSuitesLocally(TestNG.java:1094)
	at org.testng.TestNG.run(TestNG.java:1006)
	at org.testng.remote.RemoteTestNG.run(RemoteTestNG.java:107)
	at org.testng.remote.RemoteTestNG.initAndRun(RemoteTestNG.java:199)
	at org.testng.remote.RemoteTestNG.main(RemoteTestNG.java:170)
]]>
            </full-stacktrace>
          </exception>
        </test-method>
        <test-method status="PASS" signature="quitDriver(java.lang.String, org.testng.ITestResult, java.lang.reflect.Method)[pri:0, instance:null(Webdriver.SIGN_IN)]" name="quitDriver" is-config="true" duration-ms="484" started-at="2012-01-24T14:27:39Z" finished-at="2012-01-24T14:27:39Z">
          <params>
            <param index="0">
              <value>
                <![CDATA[chrome]]>
              </value>
            </param>
            <param index="1">
              <value>
                <![CDATA[[TestResult: SignIn4 on instance null(Webdriver.SIGN_IN) STATUS:FAILURE METHOD:SIGN_IN.SignIn4(java.lang.String, java.lang.String)[pri:0, instance:null(Webdriver.SIGN_IN)]]
]]>
              </value>
            </param>
            <param index="2">
              <value>
                <![CDATA[public void Webdriver.SIGN_IN.SignIn4(java.lang.String,java.lang.String) throws java.lang.InterruptedException]]>
              </value>
            </param>
          </params>
        </test-method>
      </class>
    </test>
  </suite>
</testng-results>
